
Server got Accessed on Sun Apr  5 14:08:59 2015
 Request was GET ../www/index.htm
Server got Accessed on Sun Apr  5 14:08:59 2015
 Request was GET ../www/images/05_05.gif
Server got Accessed on Sun Apr  5 14:08:59 2015
 Request was GET ../www/images/05_01.gif
Server got Accessed on Sun Apr  5 14:08:59 2015
 Request was GET ../www/images/05_02.gif
Server got Accessed on Sun Apr  5 14:08:59 2015
 Request was GET ../www/images/05_06.gif
Server got Accessed on Sun Apr  5 14:08:59 2015
 Request was GET ../www/images/05_04.gif
Server got Accessed on Sun Apr  5 14:08:59 2015
 Request was GET ../www/images/05_03.gif
Server got Accessed on Sun Apr  5 14:08:59 2015
 Request was GET ../www/images/05_07.gif
Server got Accessed on Sun Apr  5 14:08:59 2015
 Request was GET ../www/images/05_08.gif
Server got Accessed on Sun Apr  5 14:08:59 2015
 Request was GET ../www/images/05_09.gif
Server got Accessed on Sun Apr  5 14:08:59 2015
 Request was GET ../www/images/05_10.gif
Server got Accessed on Sun Apr  5 14:08:59 2015
 Request was GET ../www/images/05_04-over.gif
Server got Accessed on Sun Apr  5 14:08:59 2015
 Request was GET ../www/images/05_06-over.gif
Server got Accessed on Sun Apr  5 14:08:59 2015
 Request was GET ../www/images/05_08-over.gif
Server got Accessed on Sun Apr  5 14:08:59 2015
 Request was GET ../www/images/05_07-over.gif
Server got Accessed on Sun Apr  5 14:09:02 2015
 Request was GET ../www/shop.htm
Server got Accessed on Sun Apr  5 14:09:02 2015
 Request was GET ../www/images/05_04.gif
Server got Accessed on Sun Apr  5 14:09:02 2015
 Request was GET ../www/images/05_05.gif
Server got Accessed on Sun Apr  5 14:09:02 2015
 Request was GET ../www/images/05_06.gif
Server got Accessed on Sun Apr  5 14:09:02 2015
 Request was GET ../www/images/05_07.gif
Server got Accessed on Sun Apr  5 14:09:02 2015
 Request was GET ../www/ishop.htm
Server got Accessed on Sun Apr  5 14:09:02 2015
 Request was GET ../www/images/05_08.gif
Server got Accessed on Sun Apr  5 14:09:02 2015
 Request was GET ../www/images/05_09.gif
Server got Accessed on Sun Apr  5 14:09:02 2015
 Request was GET ../www/images/05_02.gif
Server got Accessed on Sun Apr  5 14:09:02 2015
 Request was GET ../www/images/05_01.gif
Server got Accessed on Sun Apr  5 14:09:02 2015
 Request was GET ../www/images/05_03.gif
Server got Accessed on Sun Apr  5 14:09:02 2015
 Request was GET ../www/banner2.jpg
Server got Accessed on Sun Apr  5 14:09:02 2015
 Request was GET ../www/bullet1.jpg
Server got Accessed on Sun Apr  5 14:09:02 2015
 Request was GET ../www/bullet2.jpg
Server got Accessed on Sun Apr  5 14:09:02 2015
 Request was GET ../www/images/bac_04.jpg
Server got Accessed on Sun Apr  5 14:09:02 2015
 Request was GET ../www/images/05_04-over.gif
Server got Accessed on Sun Apr  5 14:09:02 2015
 Request was GET ../www/images/05_06-over.gif
Server got Accessed on Sun Apr  5 14:09:02 2015
 Request was GET ../www/images/05_08-over.gif
Server got Accessed on Sun Apr  5 14:09:02 2015
 Request was GET ../www/images/05_07-over.gif
Server got Accessed on Sun Apr  5 14:09:03 2015
 Request was GET ../www/contact.htm
Server got Accessed on Sun Apr  5 14:09:03 2015
 Request was GET ../www/images/05_01.gif
Server got Accessed on Sun Apr  5 14:09:03 2015
 Request was GET ../www/images/05_03.gif
Server got Accessed on Sun Apr  5 14:09:03 2015
 Request was GET ../www/images/05_02.gif
Server got Accessed on Sun Apr  5 14:09:03 2015
 Request was GET ../www/icontact.htm
Server got Accessed on Sun Apr  5 14:09:04 2015
 Request was GET ../www/images/05_04.gif
Server got Accessed on Sun Apr  5 14:09:04 2015
 Request was GET ../www/images/05_05.gif
Server got Accessed on Sun Apr  5 14:09:04 2015
 Request was GET ../www/images/05_09.gif
Server got Accessed on Sun Apr  5 14:09:04 2015
 Request was GET ../www/images/05_06.gif
Server got Accessed on Sun Apr  5 14:09:04 2015
 Request was GET ../www/images/05_08.gif
Server got Accessed on Sun Apr  5 14:09:04 2015
 Request was GET ../www/images/05_07.gif
Server got Accessed on Sun Apr  5 14:09:04 2015
 Request was GET ../www/images/05_10.gif
Server got Accessed on Sun Apr  5 14:09:04 2015
 Request was GET ../www/images/bac_04.jpg
Server got Accessed on Sun Apr  5 14:09:04 2015
 Request was GET ../www/images/05_04-over.gif
Server got Accessed on Sun Apr  5 14:09:04 2015
 Request was GET ../www/images/05_06-over.gif
Server got Accessed on Sun Apr  5 14:09:04 2015
 Request was GET ../www/images/05_07-over.gif
Server got Accessed on Sun Apr  5 14:09:04 2015
 Request was GET ../www/images/05_08-over.gif
Server got Accessed on Sun Apr  5 14:09:05 2015
 Request was GET ../www/links.htm
Server got Accessed on Sun Apr  5 14:09:05 2015
 Request was GET ../www/images/05_04.gif
Server got Accessed on Sun Apr  5 14:09:05 2015
 Request was GET ../www/images/05_05.gif
Server got Accessed on Sun Apr  5 14:09:05 2015
 Request was GET ../www/images/05_06.gif
Server got Accessed on Sun Apr  5 14:09:05 2015
 Request was GET ../www/images/05_09.gif
Server got Accessed on Sun Apr  5 14:09:05 2015
 Request was GET ../www/images/05_08.gif
Server got Accessed on Sun Apr  5 14:09:05 2015
 Request was GET ../www/images/05_07.gif
Server got Accessed on Sun Apr  5 14:09:05 2015
 Request was GET ../www/ilinks.htm
Server got Accessed on Sun Apr  5 14:09:05 2015
 Request was GET ../www/images/05_10.gif
Server got Accessed on Sun Apr  5 14:09:05 2015
 Request was GET ../www/images/05_02.gif
Server got Accessed on Sun Apr  5 14:09:05 2015
 Request was GET ../www/images/05_01.gif
Server got Accessed on Sun Apr  5 14:09:05 2015
 Request was GET ../www/images/05_03.gif
Server got Accessed on Sun Apr  5 14:09:05 2015
 Request was GET ../www/bullet3.jpg
Server got Accessed on Sun Apr  5 14:09:05 2015
 Request was GET ../www/images/bac_04.jpg
Server got Accessed on Sun Apr  5 14:09:05 2015
 Request was GET ../www/bullet1.jpg
Server got Accessed on Sun Apr  5 14:09:05 2015
 Request was GET ../www/bullet2.jpg
Server got Accessed on Sun Apr  5 14:09:05 2015
 Request was GET ../www/images/05_04-over.gif
Server got Accessed on Sun Apr  5 14:09:05 2015
 Request was GET ../www/images/05_06-over.gif
Server got Accessed on Sun Apr  5 14:09:05 2015
 Request was GET ../www/images/05_07-over.gif
Server got Accessed on Sun Apr  5 14:09:05 2015
 Request was GET ../www/images/05_08-over.gif
Server got Accessed on Sun Apr  5 14:09:07 2015
 Request was GET ../www/home.htm
Server got Accessed on Sun Apr  5 14:09:07 2015
 Request was GET ../www/images/05_01.gif
Server got Accessed on Sun Apr  5 14:09:07 2015
 Request was GET ../www/images/05_03.gif
Server got Accessed on Sun Apr  5 14:09:07 2015
 Request was GET ../www/images/05_10.gif
Server got Accessed on Sun Apr  5 14:09:07 2015
 Request was GET ../www/main.htm
Server got Accessed on Sun Apr  5 14:09:07 2015
 Request was GET ../www/images/05_02.gif
Server got Accessed on Sun Apr  5 14:09:07 2015
 Request was GET ../www/images/05_04.gif
Server got Accessed on Sun Apr  5 14:09:07 2015
 Request was GET ../www/images/05_05.gif
Server got Accessed on Sun Apr  5 14:09:07 2015
 Request was GET ../www/images/05_08.gif
Server got Accessed on Sun Apr  5 14:09:07 2015
 Request was GET ../www/images/05_09.gif
Server got Accessed on Sun Apr  5 14:09:07 2015
 Request was GET ../www/images/05_06.gif
Server got Accessed on Sun Apr  5 14:09:07 2015
 Request was GET ../www/images/05_07.gif
Server got Accessed on Sun Apr  5 14:09:07 2015
 Request was GET ../www/bullet2.jpg
Server got Accessed on Sun Apr  5 14:09:07 2015
 Request was GET ../www/images/bac_04.jpg
Server got Accessed on Sun Apr  5 14:09:07 2015
 Request was GET ../www/bullet1.jpg
Server got Accessed on Sun Apr  5 14:09:07 2015
 Request was GET ../www/bullet3.jpg
Server got Accessed on Sun Apr  5 14:09:07 2015
 Request was GET ../www/images/05_04-over.gif
Server got Accessed on Sun Apr  5 14:09:07 2015
 Request was GET ../www/images/05_06-over.gif
Server got Accessed on Sun Apr  5 14:09:07 2015
 Request was GET ../www/images/05_07-over.gif
Server got Accessed on Sun Apr  5 14:09:07 2015
 Request was GET ../www/images/05_08-over.gif
Server got Accessed on Mon Apr  6 12:58:21 2015
 Request was GET ../www/index.htm
Server got Accessed on Mon Apr  6 12:58:21 2015
 Request was GET ../www/images/05_01.gif
Server got Accessed on Mon Apr  6 12:58:21 2015
 Request was GET ../www/images/05_02.gif
Server got Accessed on Mon Apr  6 12:58:21 2015
 Request was GET ../www/images/05_04.gif
Server got Accessed on Mon Apr  6 12:58:21 2015
 Request was GET ../www/images/05_03.gif
Server got Accessed on Mon Apr  6 12:58:21 2015
 Request was GET ../www/images/05_05.gif
Server got Accessed on Mon Apr  6 12:58:21 2015
 Request was GET ../www/images/05_09.gif
Server got Accessed on Mon Apr  6 12:58:21 2015
 Request was GET ../www/images/05_06.gif
Server got Accessed on Mon Apr  6 12:58:21 2015
 Request was GET ../www/images/05_10.gif
Server got Accessed on Mon Apr  6 12:58:21 2015
 Request was GET ../www/images/05_08.gif
Server got Accessed on Mon Apr  6 12:58:21 2015
 Request was GET ../www/images/05_07.gif
Server got Accessed on Mon Apr  6 12:58:22 2015
 Request was GET ../www/images/05_04-over.gif
Server got Accessed on Mon Apr  6 12:58:22 2015
 Request was GET ../www/images/05_06-over.gif
Server got Accessed on Mon Apr  6 12:58:22 2015
 Request was GET ../www/images/05_08-over.gif
Server got Accessed on Mon Apr  6 12:58:22 2015
 Request was GET ../www/images/05_07-over.gif
Server got Accessed on Mon Apr  6 12:58:26 2015
 Request was GET ../www/shop.htm
Server got Accessed on Mon Apr  6 12:58:26 2015
 Request was GET ../www/images/05_01.gif
Server got Accessed on Mon Apr  6 12:58:26 2015
 Request was GET ../www/images/05_04.gif
Server got Accessed on Mon Apr  6 12:58:26 2015
 Request was GET ../www/images/05_03.gif
Server got Accessed on Mon Apr  6 12:58:26 2015
 Request was GET ../www/images/05_05.gif
Server got Accessed on Mon Apr  6 12:58:26 2015
 Request was GET ../www/ishop.htm
Server got Accessed on Mon Apr  6 12:58:26 2015
 Request was GET ../www/images/05_02.gif
Server got Accessed on Mon Apr  6 12:58:26 2015
 Request was GET ../www/images/05_09.gif
Server got Accessed on Mon Apr  6 12:58:26 2015
 Request was GET ../www/images/05_08.gif
Server got Accessed on Mon Apr  6 12:58:26 2015
 Request was GET ../www/images/05_07.gif
Server got Accessed on Mon Apr  6 12:58:26 2015
 Request was GET ../www/images/05_06.gif
Server got Accessed on Mon Apr  6 12:58:26 2015
 Request was GET ../www/banner2.jpg
Server got Accessed on Mon Apr  6 12:58:26 2015
 Request was GET ../www/bullet2.jpg
Server got Accessed on Mon Apr  6 12:58:26 2015
 Request was GET ../www/bullet1.jpg
Server got Accessed on Mon Apr  6 12:58:26 2015
 Request was GET ../www/images/bac_04.jpg
Server got Accessed on Mon Apr  6 12:58:26 2015
 Request was GET ../www/images/05_06-over.gif
Server got Accessed on Mon Apr  6 12:58:26 2015
 Request was GET ../www/images/05_07-over.gif
Server got Accessed on Mon Apr  6 12:58:26 2015
 Request was GET ../www/images/05_08-over.gif
Server got Accessed on Mon Apr  6 12:58:26 2015
 Request was GET ../www/images/05_04-over.gif